Optimizing WSO2 Carbon Server
[2023-07-16 14:20:47] INFO - Starting to optimize API Manager for the Gateway worker profile
[2023-07-16 14:20:47] INFO - Starting to optimize configs in deployment.toml
[2023-07-16 14:20:47] INFO - Renamed the existing ../repository/conf/deployment.toml file as deployment.toml.backup
[2023-07-16 14:20:47] INFO - Copied the existing ../repository/resources/conf/deployment-templates/gateway-worker.toml file as ../repository/conf/deployment.toml
[2023-07-16 14:20:47] INFO - Renamed the existing ../repository/resources/conf/templates/repository/conf/tomcat/carbon/WEB-INF/web.xml.j2 file as web.xml.j2.backup
[2023-07-16 14:20:47] INFO - Renamed the existing ../repository/resources/conf/templates/repository/conf/tomcat/carbon/WEB-INF/web_TM_GW.xml.j2 file as web.xml.j2
[2023-07-16 14:20:47] INFO - Removed the file ../repository/resources/conf/templates/repository/deployment/server/webapps/authenticationendpoint/WEB-INF/web.xml.j2
[2023-07-16 14:20:47] INFO - Removed the file ../repository/resources/conf/templates/repository/deployment/server/webapps/accountrecoveryendpoint/WEB-INF/web.xml.j2
[2023-07-16 14:20:47] INFO - Removed the accountrecoveryendpoint file from ../repository/deployment/server/webapps
[2023-07-16 14:20:47] INFO - Removed the admin file from ../repository/deployment/server/webapps
[2023-07-16 14:20:47] INFO - Removed the am#sample#calculator#v1.war file from ../repository/deployment/server/webapps
[2023-07-16 14:20:47] INFO - Removed the api#am#admin.war file from ../repository/deployment/server/webapps
[2023-07-16 14:20:47] INFO - Removed the api#am#devops#v0.war file from ../repository/deployment/server/webapps
[2023-07-16 14:20:47] INFO - Removed the api#am#devportal.war file from ../repository/deployment/server/webapps
[2023-07-16 14:20:47] INFO - Removed the api#am#publisher file from ../repository/deployment/server/webapps
[2023-07-16 14:20:47] INFO - Removed the api#am#publisher.war file from ../repository/deployment/server/webapps
[2023-07-16 14:20:47] INFO - Removed the api#am#service-catalog#v1.war file from ../repository/deployment/server/webapps
[2023-07-16 14:20:47] INFO - Removed the api#identity#consent-mgt#v1.0.war file from ../repository/deployment/server/webapps
[2023-07-16 14:20:47] INFO - Removed the api#identity#oauth2#dcr#v1.1.war file from ../repository/deployment/server/webapps
[2023-07-16 14:20:47] INFO - Removed the api#identity#oauth2#v1.0.war file from ../repository/deployment/server/webapps
[2023-07-16 14:20:47] INFO - Removed the api#identity#recovery#v0.9.war file from ../repository/deployment/server/webapps
[2023-07-16 14:20:47] INFO - Removed the api#identity#user#v1.0.war file from ../repository/deployment/server/webapps
[2023-07-16 14:20:47] INFO - Removed the authenticationendpoint file from ../repository/deployment/server/webapps
[2023-07-16 14:20:47] INFO - Removed the client-registration#v0.17.war file from ../repository/deployment/server/webapps
[2023-07-16 14:20:47] INFO - Removed the devportal file from ../repository/deployment/server/webapps
[2023-07-16 14:20:47] INFO - Removed the internal#data#v1.war file from ../repository/deployment/server/webapps
[2023-07-16 14:20:47] INFO - Removed the keymanager-operations.war file from ../repository/deployment/server/webapps
[2023-07-16 14:20:47] INFO - Removed the lerna.json file from ../repository/deployment/server/webapps
[2023-07-16 14:20:47] INFO - Removed the oauth2.war file from ../repository/deployment/server/webapps
[2023-07-16 14:20:47] INFO - Removed the package.json file from ../repository/deployment/server/webapps
[2023-07-16 14:20:47] INFO - Removed the publisher file from ../repository/deployment/server/webapps
Finished the optimizations
Start WSO2 Carbon server
 Starting WSO2 Carbon (in unsupported JDK)
 [ERROR] CARBON is supported only on JDK 1.7, 1.8, 9, 10 and 11
JAVA_HOME environment variable is set to /opt/java/openjdk
CARBON_HOME environment variable is set to /home/wso2carbon/wso2am-4.2.0
Using Java memory options: -Xms1024m -Xmx1024m
[2023-07-16 14:20:48,438]  INFO {org.wso2.config.mapper.ConfigParser} - Initializing configurations with deployment configurations
[2023-07-16 14:20:54,074]  INFO - CarbonCoreActivator Starting WSO2 Carbon...
[2023-07-16 14:20:54,075]  INFO - CarbonCoreActivator Operating System : Linux 4.18.0-372.19.1.el8_6.x86_64, amd64
[2023-07-16 14:20:54,075]  INFO - CarbonCoreActivator Java Home        : /opt/java/openjdk
[2023-07-16 14:20:54,075]  INFO - CarbonCoreActivator Java Version     : 17.0.6
[2023-07-16 14:20:54,075]  INFO - CarbonCoreActivator Java VM          : OpenJDK 64-Bit Server VM 17.0.6+10,Eclipse Adoptium
[2023-07-16 14:20:54,076]  INFO - CarbonCoreActivator Carbon Home      : /home/wso2carbon/wso2am-4.2.0
[2023-07-16 14:20:54,076]  INFO - CarbonCoreActivator Java Temp Dir    : /home/wso2carbon/wso2am-4.2.0/tmp
[2023-07-16 14:20:54,076]  INFO - CarbonCoreActivator User             : wso2carbon, en-US, Etc/UTC
[2023-07-16 14:20:54,209]  INFO - DefaultCryptoProviderComponent 'CryptoService.Secret' property has not been set. 'org.wso2.carbon.crypto.provider.SymmetricKeyInternalCryptoProvider' won't be registered as an internal crypto provider. Please set the secret if the provider needs to be registered.
[2023-07-16 14:20:54,301]  INFO - KafkaEventAdapterServiceDS Successfully deployed the Kafka output event adaptor service
[2023-07-16 14:20:55,461]  INFO - ServiceComponent Eventing Hub ServiceComponent is activated
[2023-07-16 14:20:55,952]  WARN - Digester Match [Server/Service/Engine/Host/Valve] failed to set property [maxDays] to []
[2023-07-16 14:20:56,585]  INFO - ConsentManagerComponent ConsentManagerComponent is activated.
[2023-07-16 14:20:56,751]  INFO - TenantAssociationServiceComponent Organization management related TenantAssociationManagementListener registered successfully.
[2023-07-16 14:20:56,902]  WARN - RegistryConfigurationProcessor Could not find the handler class org.wso2.is.key.manager.core.handlers.TenantConfigMediaTypeHandler. This handler will not be registered. All handler and filter classes should be in the class path of the Registry.
[2023-07-16 14:20:57,018]  INFO - EmbeddedRegistryService Configured Registry in 76ms
[2023-07-16 14:20:57,097]  INFO - EmbeddedRegistryService Connected to mount at configregistry in 4ms
[2023-07-16 14:20:57,097]  INFO - EmbeddedRegistryService Connected to mount at govregistry in 4ms
[2023-07-16 14:20:57,163]  INFO - EmbeddedRegistryService Connected to mount at configregistry in 0ms
[2023-07-16 14:20:57,163]  INFO - EmbeddedRegistryService Connected to mount at govregistry in 0ms
[2023-07-16 14:20:57,358]  INFO - RegistryCoreServiceComponent Registry Mode    : READ-WRITE
[2023-07-16 14:20:57,465]  INFO - JmxReporterBuilder Creating JMX reporter for Metrics with domain 'org.wso2.carbon.metrics'
[2023-07-16 14:20:57,467]  INFO - AbstractReporter Started JMX reporter for Metrics
[2023-07-16 14:20:59,165]  INFO - SolrClient Default Embedded Solr Server Initialized
[2023-07-16 14:20:59,553]  INFO - UserStoreMgtDSComponent Carbon UserStoreMgtDSComponent activated successfully.
[2023-07-16 14:21:00,165]  INFO - UserStoreConfigurationDeployer User Store Configuration Deployer initiated.
[2023-07-16 14:21:00,165]  INFO - UserStoreConfigurationDeployer User Store Configuration Deployer initiated.
[2023-07-16 14:21:00,695]  INFO - WebsocketTransportSender WSS Sender started
[2023-07-16 14:21:00,700]  INFO - PassThroughHttpSender Initializing Pass-through HTTP/S Sender...
[2023-07-16 14:21:00,737]  INFO - PassThroughHttpSender Pass-through HTTP Sender started...
[2023-07-16 14:21:00,737]  INFO - PassThroughHttpSSLSender Initializing Pass-through HTTP/S Sender...
[2023-07-16 14:21:00,801]  INFO - ClientConnFactoryBuilder customSSLProfiles configuration is loaded from path: /home/wso2carbon/wso2am-4.2.0/repository/resources/security/sslprofiles.xml
[2023-07-16 14:21:00,801]  INFO - ClientConnFactoryBuilder HTTPS Loading custom SSL profiles for the HTTPS sender
[2023-07-16 14:21:00,840]  INFO - ClientConnFactoryBuilder HTTPS Custom SSL profiles initialized for 1 servers
[2023-07-16 14:21:00,841]  INFO - PassThroughHttpSSLSender Pass-through HTTPS Sender started...
[2023-07-16 14:21:00,843]  INFO - WebsocketTransportSender WS Sender started
[2023-07-16 14:21:00,857]  INFO - PassThroughHttpListener Initializing Pass-through HTTP/S Listener...
[2023-07-16 14:21:00,873]  INFO - PassThroughHttpMultiSSLListener Initializing Pass-through HTTP/S Listener...
[2023-07-16 14:21:00,913]  INFO - ServerConnFactoryBuilder SSLProfile configuration is loaded from path: /home/wso2carbon/wso2am-4.2.0/repository/resources/security/listenerprofiles.xml
[2023-07-16 14:21:01,623]  INFO - DeploymentInterceptor Deploying Axis2 service: I18nEmailMgtConfigService {super-tenant}
[2023-07-16 14:21:02,706]  INFO - DeploymentInterceptor Deploying Axis2 service: AccountCredentialMgtConfigService {super-tenant}
[2023-07-16 14:21:02,706]  INFO - DeploymentInterceptor Deploying Axis2 service: UserIdentityManagementAdminService {super-tenant}
[2023-07-16 14:21:02,707]  INFO - DeploymentInterceptor Deploying Axis2 service: UserInformationRecoveryService {super-tenant}
[2023-07-16 14:21:04,546]  INFO - CarbonServerManager Repository       : /home/wso2carbon/wso2am-4.2.0/repository/deployment/server/
[2023-07-16 14:21:04,558]  INFO - QueueManagerServiceDS Successfully created the queue manager service
[2023-07-16 14:21:04,562]  INFO - SubscriptionManagerServiceDS Successfully created the subscription manager service
[2023-07-16 14:21:04,611]  INFO - PersistenceManagerComponent Activating PersistenceManagerComponent 
[2023-07-16 14:21:04,632]  INFO - TenantLoadingConfig Using tenant lazy loading policy...
[2023-07-16 14:21:04,656]  INFO - PermissionUpdater Permission cache updated for tenant -1234
[2023-07-16 14:21:05,667]  WARN - AuthenticationValveServiceComponent File invalid_tenant_domain_response.html not found. The default content will be used as the error page content.
[2023-07-16 14:21:05,809]  INFO - SchemaBuilder XACML policy schema loaded successfully.
[2023-07-16 14:21:05,982]  INFO - UserStoreMgtDSComponent Claim manager set for class org.wso2.carbon.user.core.common.DefaultRealm
[2023-07-16 14:21:05,983]  INFO - UserStoreMgtDSComponent Claim manager set for class org.wso2.carbon.user.core.jdbc.UniqueIDJDBCUserStoreManager
[2023-07-16 14:21:05,989]  WARN - ApplicationManagementServiceComponent Templates directory not found at /home/wso2carbon/wso2am-4.2.0/repository/resources/identity/authntemplates
[2023-07-16 14:21:06,936]  INFO - APIUtil Common operation policy addHeader_v1 was added to the organization carbon.super successfully
[2023-07-16 14:21:06,938]  INFO - APIUtil Common operation policy addLogMessage_v1 was added to the organization carbon.super successfully
[2023-07-16 14:21:06,941]  INFO - APIUtil Common operation policy addQueryParam_v1 was added to the organization carbon.super successfully
[2023-07-16 14:21:06,943]  INFO - APIUtil Common operation policy applyAcceptHeader_v1 was added to the organization carbon.super successfully
[2023-07-16 14:21:06,945]  INFO - APIUtil Common operation policy ccAddHeader_v2 was added to the organization carbon.super successfully
[2023-07-16 14:21:06,947]  INFO - APIUtil Common operation policy ccCallInterceptorService_v1 was added to the organization carbon.super successfully
[2023-07-16 14:21:06,949]  INFO - APIUtil Common operation policy ccChangeHTTPMethod_v2 was added to the organization carbon.super successfully
[2023-07-16 14:21:06,951]  INFO - APIUtil Common operation policy ccRemoveHeader_v2 was added to the organization carbon.super successfully
[2023-07-16 14:21:06,953]  INFO - APIUtil Common operation policy changeHTTPMethod_v1 was added to the organization carbon.super successfully
[2023-07-16 14:21:06,954]  INFO - APIUtil Common operation policy debugJsonFault_v1 was added to the organization carbon.super successfully
[2023-07-16 14:21:06,956]  INFO - APIUtil Common operation policy debugRequestFlow_v1 was added to the organization carbon.super successfully
[2023-07-16 14:21:06,957]  INFO - APIUtil Common operation policy debugResponseFlow_v1 was added to the organization carbon.super successfully
[2023-07-16 14:21:06,958]  INFO - APIUtil Common operation policy disableChunking_v1 was added to the organization carbon.super successfully
[2023-07-16 14:21:06,960]  INFO - APIUtil Common operation policy jsonFault_v1 was added to the organization carbon.super successfully
[2023-07-16 14:21:06,961]  INFO - APIUtil Common operation policy jsonToXML_v1 was added to the organization carbon.super successfully
[2023-07-16 14:21:06,964]  INFO - APIUtil Common operation policy jsonValidator_v1 was added to the organization carbon.super successfully
[2023-07-16 14:21:06,966]  INFO - APIUtil Common operation policy opaPolicy_v1 was added to the organization carbon.super successfully
[2023-07-16 14:21:06,968]  INFO - APIUtil Common operation policy preserveAcceptHeader_v1 was added to the organization carbon.super successfully
[2023-07-16 14:21:06,969]  INFO - APIUtil Common operation policy regexPolicy_v1 was added to the organization carbon.super successfully
[2023-07-16 14:21:06,970]  INFO - APIUtil Common operation policy removeHeader_v1 was added to the organization carbon.super successfully
[2023-07-16 14:21:06,971]  INFO - APIUtil Common operation policy revokeOneTimeToken_v1 was added to the organization carbon.super successfully
[2023-07-16 14:21:06,973]  INFO - APIUtil Common operation policy rewriteResourcePath_v3 was added to the organization carbon.super successfully
[2023-07-16 14:21:06,974]  INFO - APIUtil Common operation policy setToHeader_v1 was added to the organization carbon.super successfully
[2023-07-16 14:21:06,975]  INFO - APIUtil Common operation policy xmlToJson_v1 was added to the organization carbon.super successfully
[2023-07-16 14:21:06,976]  INFO - APIUtil Common operation policy xmlValidator_v1 was added to the organization carbon.super successfully
[2023-07-16 14:21:07,078]  INFO - JMSConnectionFactory JMS ConnectionFactory : Siddhi-JMS-Consumer initialized
[2023-07-16 14:21:07,096]  INFO - APIManagerComponent Wso2Event Publisher not enabled.
[2023-07-16 14:21:07,136]  INFO - CorrelationConfigDAO Correlation Components [http, jdbc, ldap, synapse, method-calls]
[2023-07-16 14:21:07,144]  WARN - IdentityEventServiceComponent Properties for userPostSelfRegistration is not configured. This event handler will not be activated
[2023-07-16 14:21:07,226]  INFO - OAuthServerConfiguration The default OAuth token issuer will be used. No custom token generator is set.
[2023-07-16 14:21:07,226]  INFO - OAuthServerConfiguration An instance of org.wso2.carbon.identity.oauth2.token.OauthTokenIssuerImpl is created for Identity OAuth token generation.
[2023-07-16 14:21:07,756]  WARN - FrameworkServiceComponent Adaptive authentication is disabled.
[2023-07-16 14:21:07,819]  INFO - SessionDataStore Thread pool size for temporary authentication context data delete task: 20
[2023-07-16 14:21:08,866]  INFO - ServiceBusInitializer Starting ESB...
[2023-07-16 14:21:08,890]  INFO - ServiceBusInitializer Initializing Apache Synapse...
[2023-07-16 14:21:08,894]  INFO - SynapseControllerFactory Using Synapse home : /home/wso2carbon/wso2am-4.2.0/.
[2023-07-16 14:21:08,894]  INFO - SynapseControllerFactory Using synapse.xml location : /home/wso2carbon/wso2am-4.2.0/././repository/deployment/server/synapse-configs/default
[2023-07-16 14:21:08,894]  INFO - SynapseControllerFactory Using server name : localhost
[2023-07-16 14:21:08,910]  INFO - SynapseControllerFactory The timeout handler will run every : 15s
[2023-07-16 14:21:08,929]  INFO - Axis2SynapseController Initializing Synapse at : Sun Jul 16 14:21:08 UTC 2023
[2023-07-16 14:21:08,934]  INFO - CarbonSynapseController Loading the mediation configuration from the file system
[2023-07-16 14:21:08,936]  INFO - MultiXMLConfigurationBuilder Building synapse configuration from the synapse artifact repository at : ././repository/deployment/server/synapse-configs/default
[2023-07-16 14:21:08,936]  INFO - XMLConfigurationBuilder Generating the Synapse configuration model by parsing the XML configuration
[2023-07-16 14:21:09,034]  INFO - DependencyTracker Sequence : _auth_failure_handler_ was added to the Synapse configuration successfully
[2023-07-16 14:21:09,045]  INFO - DependencyTracker Sequence : _backend_failure_handler_ was added to the Synapse configuration successfully
[2023-07-16 14:21:09,050]  INFO - DependencyTracker Sequence : _api_blocked_sequence_ was added to the Synapse configuration successfully
[2023-07-16 14:21:09,053]  INFO - DependencyTracker Sequence : _build_ was added to the Synapse configuration successfully
[2023-07-16 14:21:09,055]  INFO - DependencyTracker Sequence : _cors_request_handler_ was added to the Synapse configuration successfully
[2023-07-16 14:21:09,062]  INFO - DependencyTracker Sequence : _graphql_failure_handler was added to the Synapse configuration successfully
[2023-07-16 14:21:09,071]  INFO - DependencyTracker Sequence : _opa_policy_failure_handler_ was added to the Synapse configuration successfully
[2023-07-16 14:21:09,071]  INFO - DependencyTracker Sequence : _production_key_error_ was added to the Synapse configuration successfully
[2023-07-16 14:21:09,072]  INFO - DependencyTracker Sequence : _resource_mismatch_handler_ was added to the Synapse configuration successfully
[2023-07-16 14:21:09,072]  INFO - DependencyTracker Sequence : _sandbox_key_error_ was added to the Synapse configuration successfully
[2023-07-16 14:21:09,081]  INFO - DependencyTracker Sequence : _threat_fault_ was added to the Synapse configuration successfully
[2023-07-16 14:21:09,093]  INFO - DependencyTracker Sequence : _throttle_out_handler_ was added to the Synapse configuration successfully
[2023-07-16 14:21:09,099]  INFO - DependencyTracker Sequence : _token_fault_ was added to the Synapse configuration successfully
[2023-07-16 14:21:09,116]  INFO - DependencyTracker Sequence : dispatchSeq was added to the Synapse configuration successfully
[2023-07-16 14:21:09,123]  INFO - DependencyTracker Sequence : fault was added to the Synapse configuration successfully
[2023-07-16 14:21:09,142]  INFO - DependencyTracker Sequence : main was added to the Synapse configuration successfully
[2023-07-16 14:21:09,143]  INFO - DependencyTracker Sequence : outDispatchSeq was added to the Synapse configuration successfully
[2023-07-16 14:21:09,162]  INFO - DependencyTracker Sequence : webhooksFaultSequence was added to the Synapse configuration successfully
[2023-07-16 14:21:09,192]  INFO - DependencyTracker API : _OpenService_ was added to the Synapse configuration successfully
[2023-07-16 14:21:09,197]  INFO - DependencyTracker Inbound Endpoint : SecureWebSocketEP was added to the Synapse configuration successfully
[2023-07-16 14:21:09,197]  INFO - DependencyTracker Inbound Endpoint : SecureWebhookServer was added to the Synapse configuration successfully
[2023-07-16 14:21:09,198]  INFO - DependencyTracker Inbound Endpoint : WebSocketInboundEndpoint was added to the Synapse configuration successfully
[2023-07-16 14:21:09,198]  INFO - DependencyTracker Inbound Endpoint : WebhookServer was added to the Synapse configuration successfully
[2023-07-16 14:21:09,198]  INFO - SynapseConfigurationBuilder Loaded Synapse configuration from the artifact repository at : ././repository/deployment/server/synapse-configs/default
[2023-07-16 14:21:09,199]  INFO - DependencyTracker Local entry : SERVER_HOST was added to the Synapse configuration successfully
[2023-07-16 14:21:09,199]  INFO - DependencyTracker Local entry : SERVER_IP was added to the Synapse configuration successfully
[2023-07-16 14:21:09,251]  INFO - Axis2SynapseController Loading mediator extensions...
[2023-07-16 14:21:09,274]  INFO - DeploymentInterceptor Deploying Axis2 service: echo {super-tenant}
[2023-07-16 14:21:09,300]  INFO - DeploymentInterceptor Deploying Axis2 service: Version {super-tenant}
[2023-07-16 14:21:09,305]  INFO - EventPublisherDeployer Event Publisher deployment held back and in inactive state :EmailPublisher.xml, Stream validation exception : Stream id_gov_notify_stream:1.0.0 does not exist
[2023-07-16 14:21:09,307]  INFO - EventPublisherDeployer Event Publisher deployment held back and in inactive state : HTTP-recommendationEventPublisher.xml, waiting for Output Event Adapter dependency : http-extended
[2023-07-16 14:21:09,307]  INFO - EventPublisherDeployer Event Publisher deployment held back and in inactive state :asyncWebhooksEventPublisher.xml, Stream validation exception : Stream org.wso2.apimgt.webhooks.request.stream:1.0.0 does not exist
[2023-07-16 14:21:09,308]  INFO - EventPublisherDeployer Event Publisher deployment held back and in inactive state :asyncWebhooksEventPublisher2.xml, Stream validation exception : Stream org.wso2.apimgt.webhooks.request.stream:1.0.0 does not exist
[2023-07-16 14:21:09,309]  INFO - EventPublisherDeployer Event Publisher deployment held back and in inactive state :asyncWebhooksEventPublisher_1.0.0.xml, Stream validation exception : Stream org.wso2.apimgt.webhooks.request.stream:1.0.0 does not exist
[2023-07-16 14:21:09,309]  INFO - EventPublisherDeployer Event Publisher deployment held back and in inactive state :asyncWebhooksEventPublisher_1.0.0_2.xml, Stream validation exception : Stream org.wso2.apimgt.webhooks.request.stream:1.0.0 does not exist
[2023-07-16 14:21:09,310]  INFO - EventPublisherDeployer Event Publisher deployment held back and in inactive state :blockingEventJMSPublisher.xml, Stream validation exception : Stream org.wso2.blocking.request.stream:1.0.0 does not exist
[2023-07-16 14:21:09,311]  INFO - EventPublisherDeployer Event Publisher deployment held back and in inactive state :cacheInvalidationEventJMSPublisher.xml, Stream validation exception : Stream org.wso2.apimgt.cache.invalidation.stream:1.0.0 does not exist
[2023-07-16 14:21:09,312]  INFO - EventPublisherDeployer Event Publisher deployment held back and in inactive state :globalCacheInvalidationJMSPublisher.xml, Stream validation exception : Stream cache.invalidation.stream:1.0.0 does not exist
[2023-07-16 14:21:09,312]  INFO - EventPublisherDeployer Event Publisher deployment held back and in inactive state :jmsEventPublisher.xml, Stream validation exception : Stream org.wso2.throttle.globalThrottle.stream:1.0.0 does not exist
[2023-07-16 14:21:09,313]  INFO - EventPublisherDeployer Event Publisher deployment held back and in inactive state :jmsEventPublisher2.xml, Stream validation exception : Stream org.wso2.throttle.globalThrottle.stream:1.0.0 does not exist
[2023-07-16 14:21:09,313]  INFO - EventPublisherDeployer Event Publisher deployment held back and in inactive state :jmsEventPublisher_1.10.0.xml, Stream validation exception : Stream org.wso2.throttle.globalThrottle.stream:1.1.0 does not exist
[2023-07-16 14:21:09,314]  INFO - EventPublisherDeployer Event Publisher deployment held back and in inactive state :jmsEventPublisher_1.10.0_2.xml, Stream validation exception : Stream org.wso2.throttle.globalThrottle.stream:1.1.0 does not exist
[2023-07-16 14:21:09,315]  INFO - EventPublisherDeployer Event Publisher deployment held back and in inactive state :keyTemplateEventPublisher.xml, Stream validation exception : Stream org.wso2.keytemplate.request.stream:1.0.0 does not exist
[2023-07-16 14:21:09,316]  INFO - EventPublisherDeployer Event Publisher deployment held back and in inactive state :keymgtEventJMSEventPublisher.xml, Stream validation exception : Stream org.wso2.apimgt.keymgt.stream:1.0.0 does not exist
[2023-07-16 14:21:09,316]  INFO - EventPublisherDeployer Event Publisher deployment held back and in inactive state :notificationEventJMSPublisher.xml, Stream validation exception : Stream org.wso2.apimgt.notification.stream:1.0.0 does not exist
[2023-07-16 14:21:09,317]  INFO - EventPublisherDeployer Event Publisher deployment held back and in inactive state :tokenRevokeEventJMSPublisher.xml, Stream validation exception : Stream org.wso2.apimgt.token.revocation.stream:1.0.0 does not exist
[2023-07-16 14:21:09,317]  INFO - EventPublisherDeployer Event Publisher deployment held back and in inactive state :tokenRevokeEventJMSPublisher_2.xml, Stream validation exception : Stream org.wso2.apimgt.token.revocation.stream:1.0.0 does not exist
[2023-07-16 14:21:09,329]  INFO - EventPublisherDeployer Event Publisher undeployed successfully : globalCacheInvalidationJMSPublisher.xml
[2023-07-16 14:21:09,334]  INFO - EventJunction WSO2EventConsumer added to the junction. Stream:cache.invalidation.stream:1.0.0
[2023-07-16 14:21:09,348]  INFO - EventPublisherDeployer Event Publisher configuration successfully deployed and in active state : globalCacheInvalidationJMSPublisher
[2023-07-16 14:21:09,348]  INFO - EventStreamDeployer Stream definition is deployed successfully  : cache.invalidation.stream:1.0.0
[2023-07-16 14:21:09,349]  INFO - EventPublisherDeployer Event Publisher undeployed successfully : EmailPublisher.xml
[2023-07-16 14:21:09,353]  INFO - EventJunction WSO2EventConsumer added to the junction. Stream:id_gov_notify_stream:1.0.0
[2023-07-16 14:21:09,354]  INFO - EventPublisherDeployer Event Publisher configuration successfully deployed and in active state : EmailPublisher
[2023-07-16 14:21:09,354]  INFO - EventStreamDeployer Stream definition is deployed successfully  : id_gov_notify_stream:1.0.0
[2023-07-16 14:21:09,355]  INFO - EventPublisherDeployer Event Publisher undeployed successfully : cacheInvalidationEventJMSPublisher.xml
[2023-07-16 14:21:09,357]  INFO - EventJunction WSO2EventConsumer added to the junction. Stream:org.wso2.apimgt.cache.invalidation.stream:1.0.0
[2023-07-16 14:21:09,357]  INFO - EventPublisherDeployer Event Publisher configuration successfully deployed and in active state : cacheInvalidationJMSPublisher
[2023-07-16 14:21:09,357]  INFO - EventStreamDeployer Stream definition is deployed successfully  : org.wso2.apimgt.cache.invalidation.stream:1.0.0
[2023-07-16 14:21:09,358]  INFO - EventPublisherDeployer Event Publisher undeployed successfully : keymgtEventJMSEventPublisher.xml
[2023-07-16 14:21:09,359]  INFO - EventJunction WSO2EventConsumer added to the junction. Stream:org.wso2.apimgt.keymgt.stream:1.0.0
[2023-07-16 14:21:09,359]  INFO - EventPublisherDeployer Event Publisher configuration successfully deployed and in active state : keymgtEventJMSEventPublisher
[2023-07-16 14:21:09,359]  INFO - EventStreamDeployer Stream definition is deployed successfully  : org.wso2.apimgt.keymgt.stream:1.0.0
[2023-07-16 14:21:09,359]  INFO - EventPublisherDeployer Event Publisher undeployed successfully : notificationEventJMSPublisher.xml
[2023-07-16 14:21:09,360]  INFO - EventJunction WSO2EventConsumer added to the junction. Stream:org.wso2.apimgt.notification.stream:1.0.0
[2023-07-16 14:21:09,360]  INFO - EventPublisherDeployer Event Publisher configuration successfully deployed and in active state : notificationJMSPublisher
[2023-07-16 14:21:09,360]  INFO - EventStreamDeployer Stream definition is deployed successfully  : org.wso2.apimgt.notification.stream:1.0.0
[2023-07-16 14:21:09,361]  INFO - EventStreamDeployer Stream definition is deployed successfully  : org.wso2.apimgt.recommendation.event.stream:1.0.0
[2023-07-16 14:21:09,362]  INFO - EventPublisherDeployer Event Publisher undeployed successfully : tokenRevokeEventJMSPublisher.xml
[2023-07-16 14:21:09,363]  INFO - EventJunction WSO2EventConsumer added to the junction. Stream:org.wso2.apimgt.token.revocation.stream:1.0.0
[2023-07-16 14:21:09,363]  INFO - EventPublisherDeployer Event Publisher configuration successfully deployed and in active state : tokenRevocationJMSPublisher
[2023-07-16 14:21:09,363]  INFO - EventPublisherDeployer Event Publisher undeployed successfully : tokenRevokeEventJMSPublisher_2.xml
[2023-07-16 14:21:09,364]  INFO - EventJunction WSO2EventConsumer added to the junction. Stream:org.wso2.apimgt.token.revocation.stream:1.0.0
[2023-07-16 14:21:09,364]  INFO - EventPublisherDeployer Event Publisher configuration successfully deployed and in active state : tokenRevocationJMSPublisher2
[2023-07-16 14:21:09,364]  INFO - EventStreamDeployer Stream definition is deployed successfully  : org.wso2.apimgt.token.revocation.stream:1.0.0
[2023-07-16 14:21:09,365]  INFO - EventPublisherDeployer Event Publisher undeployed successfully : asyncWebhooksEventPublisher.xml
[2023-07-16 14:21:09,366]  INFO - EventJunction WSO2EventConsumer added to the junction. Stream:org.wso2.apimgt.webhooks.request.stream:1.0.0
[2023-07-16 14:21:09,366]  INFO - EventPublisherDeployer Event Publisher configuration successfully deployed and in active state : asyncWebhooksEventPublisher
[2023-07-16 14:21:09,366]  INFO - EventPublisherDeployer Event Publisher undeployed successfully : asyncWebhooksEventPublisher2.xml
[2023-07-16 14:21:09,367]  INFO - EventJunction WSO2EventConsumer added to the junction. Stream:org.wso2.apimgt.webhooks.request.stream:1.0.0
[2023-07-16 14:21:09,367]  INFO - EventPublisherDeployer Event Publisher configuration successfully deployed and in active state : asyncWebhooksEventPublisher2
[2023-07-16 14:21:09,367]  INFO - EventPublisherDeployer Event Publisher undeployed successfully : asyncWebhooksEventPublisher_1.0.0.xml
[2023-07-16 14:21:09,368]  INFO - EventJunction WSO2EventConsumer added to the junction. Stream:org.wso2.apimgt.webhooks.request.stream:1.0.0
[2023-07-16 14:21:09,368]  INFO - EventPublisherDeployer Event Publisher configuration successfully deployed and in active state : asyncWebhooksEventPublisher-1.0.0
[2023-07-16 14:21:09,368]  INFO - EventPublisherDeployer Event Publisher undeployed successfully : asyncWebhooksEventPublisher_1.0.0_2.xml
[2023-07-16 14:21:09,368]  INFO - EventJunction WSO2EventConsumer added to the junction. Stream:org.wso2.apimgt.webhooks.request.stream:1.0.0
[2023-07-16 14:21:09,368]  INFO - EventPublisherDeployer Event Publisher configuration successfully deployed and in active state : asyncWebhooksEventPublisher-1.0.0-2
[2023-07-16 14:21:09,368]  INFO - EventStreamDeployer Stream definition is deployed successfully  : org.wso2.apimgt.webhooks.request.stream:1.0.0
[2023-07-16 14:21:09,369]  INFO - EventPublisherDeployer Event Publisher undeployed successfully : blockingEventJMSPublisher.xml
[2023-07-16 14:21:09,370]  INFO - EventJunction WSO2EventConsumer added to the junction. Stream:org.wso2.blocking.request.stream:1.0.0
[2023-07-16 14:21:09,370]  INFO - EventPublisherDeployer Event Publisher configuration successfully deployed and in active state : blockingEventJMSPublisher
[2023-07-16 14:21:09,370]  INFO - EventStreamDeployer Stream definition is deployed successfully  : org.wso2.blocking.request.stream:1.0.0
[2023-07-16 14:21:09,371]  INFO - EventStreamDeployer Stream definition is deployed successfully  : org.wso2.botDetectionData.request.stream:1.0.0
[2023-07-16 14:21:09,371]  INFO - EventPublisherDeployer Event Publisher undeployed successfully : keyTemplateEventPublisher.xml
[2023-07-16 14:21:09,372]  INFO - EventJunction WSO2EventConsumer added to the junction. Stream:org.wso2.keytemplate.request.stream:1.0.0
[2023-07-16 14:21:09,372]  INFO - EventPublisherDeployer Event Publisher configuration successfully deployed and in active state : keyTemplateEventPublisher
[2023-07-16 14:21:09,372]  INFO - EventStreamDeployer Stream definition is deployed successfully  : org.wso2.keytemplate.request.stream:1.0.0
[2023-07-16 14:21:09,372]  INFO - EventPublisherDeployer Event Publisher undeployed successfully : jmsEventPublisher.xml
[2023-07-16 14:21:09,373]  INFO - EventJunction WSO2EventConsumer added to the junction. Stream:org.wso2.throttle.globalThrottle.stream:1.0.0
[2023-07-16 14:21:09,373]  INFO - EventPublisherDeployer Event Publisher configuration successfully deployed and in active state : jmsEventPublisher
[2023-07-16 14:21:09,373]  INFO - EventPublisherDeployer Event Publisher undeployed successfully : jmsEventPublisher2.xml
[2023-07-16 14:21:09,374]  INFO - EventJunction WSO2EventConsumer added to the junction. Stream:org.wso2.throttle.globalThrottle.stream:1.0.0
[2023-07-16 14:21:09,374]  INFO - EventPublisherDeployer Event Publisher configuration successfully deployed and in active state : jmsEventPublisher2
[2023-07-16 14:21:09,374]  INFO - EventStreamDeployer Stream definition is deployed successfully  : org.wso2.throttle.globalThrottle.stream:1.0.0
[2023-07-16 14:21:09,374]  INFO - EventPublisherDeployer Event Publisher undeployed successfully : jmsEventPublisher_1.10.0.xml
[2023-07-16 14:21:09,375]  INFO - EventJunction WSO2EventConsumer added to the junction. Stream:org.wso2.throttle.globalThrottle.stream:1.1.0
[2023-07-16 14:21:09,375]  INFO - EventPublisherDeployer Event Publisher configuration successfully deployed and in active state : jmsEventPublisher-1.0.0
[2023-07-16 14:21:09,375]  INFO - EventPublisherDeployer Event Publisher undeployed successfully : jmsEventPublisher_1.10.0_2.xml
[2023-07-16 14:21:09,376]  INFO - EventJunction WSO2EventConsumer added to the junction. Stream:org.wso2.throttle.globalThrottle.stream:1.1.0
[2023-07-16 14:21:09,376]  INFO - EventPublisherDeployer Event Publisher configuration successfully deployed and in active state : jmsEventPublisher-1.0.0-2
[2023-07-16 14:21:09,376]  INFO - EventStreamDeployer Stream definition is deployed successfully  : org.wso2.throttle.globalThrottle.stream:1.1.0
[2023-07-16 14:21:09,377]  INFO - EventStreamDeployer Stream definition is deployed successfully  : org.wso2.throttle.processed.request.stream:1.0.0
[2023-07-16 14:21:09,377]  INFO - EventStreamDeployer Stream definition is deployed successfully  : org.wso2.throttle.request.stream:1.0.0
[2023-07-16 14:21:10,344]  INFO - TomcatGenericWebappsDeployer Deployed webapp: StandardEngine[Catalina].StandardHost[localhost].StandardContext[/am/sample/pizzashack/v1].File[/home/wso2carbon/wso2am-4.2.0/repository/deployment/server/webapps/am#sample#pizzashack#v1.war]
[2023-07-16 14:21:11,732]  INFO - TomcatGenericWebappsDeployer Deployed webapp: StandardEngine[Catalina].StandardHost[localhost].StandardContext[/api/am/gateway/v2].File[/home/wso2carbon/wso2am-4.2.0/repository/deployment/server/webapps/api#am#gateway#v2.war]
[2023-07-16 14:21:11,733]  INFO - Axis2SynapseController Deploying the Synapse service...
[2023-07-16 14:21:11,734]  INFO - Axis2SynapseController Deploying Proxy services...
[2023-07-16 14:21:11,734]  INFO - Axis2SynapseController Deploying EventSources...
[2023-07-16 14:21:11,760]  INFO - InboundEndpoint Initializing Inbound Endpoint: WebSocketInboundEndpoint
[2023-07-16 14:21:11,940]  INFO - WebsocketEndpointManager Netty Listener starting on port 9099
[2023-07-16 14:21:11,940]  INFO - InboundEndpoint Initializing Inbound Endpoint: SecureWebSocketEP
[2023-07-16 14:21:11,942]  INFO - WebsocketEndpointManager Netty SSL Listener starting on port 8099
[2023-07-16 14:21:11,942]  INFO - InboundEndpoint Initializing Inbound Endpoint: WebhookServer
[2023-07-16 14:21:11,988]  INFO - PassThroughListeningIOReactorManager Pass-through WebhookServer Listener started on 0.0.0.0:9021
[2023-07-16 14:21:11,988]  INFO - InboundEndpoint Initializing Inbound Endpoint: SecureWebhookServer
[2023-07-16 14:21:12,039]  INFO - PassThroughListeningIOReactorManager Pass-through SecureWebhookServer Listener started on 0.0.0.0:8021
[2023-07-16 14:21:12,041]  INFO - API {api:_OpenService_} Initializing API: _OpenService_
[2023-07-16 14:21:12,041]  INFO - ServerManager Server ready for processing...
[2023-07-16 14:21:12,469]  INFO - JMSConnectionFactory JMS ConnectionFactory : Siddhi-JMS-Consumer initialized
[2023-07-16 14:21:12,469]  INFO - JMSConnectionFactory JMS ConnectionFactory : Siddhi-JMS-Consumer initialized
[2023-07-16 14:21:12,499]  INFO - WebsocketEndpointManager Netty Listener already started on port 8099
[2023-07-16 14:21:12,500]  INFO - HTTPEndpointManager Listener is already started for port : 8021
[2023-07-16 14:21:12,500]  INFO - WebsocketEndpointManager Netty Listener already started on port 9099
[2023-07-16 14:21:12,500]  INFO - HTTPEndpointManager Listener is already started for port : 9021
[2023-07-16 14:21:12,595]  INFO - QpidServiceComponent Activating Andes Message Broker Engine...
[Broker] BRK-1001 : Startup : Version: 0.11 Build: 90784:90849
[Broker] MNG-1001 : Startup
[Broker] MNG-1004 : Ready : Using the platform JMX Agent
[Broker] BRK-1002 : Starting : Listening on TCP port 5672
[2023-07-16 14:21:12,918]  INFO - listening [Broker] BRK-1002 : Starting : Listening on TCP port 5672
[Broker] BRK-1002 : Starting : Listening on TCP/SSL port 8672
[Broker] BRK-1004 : Qpid Broker Ready
[2023-07-16 14:21:12,922]  INFO - listening [Broker] BRK-1002 : Starting : Listening on TCP/SSL port 8672
[Broker] [vh(/carbon)/qu(deadletterchannel)] QUE-1001 : Create : Owner: wso2preprodadmin Durable
[2023-07-16 14:21:12,976]  INFO - QpidServiceComponent AMQP Host Address : 0.0.0.0 Port : 5672
[2023-07-16 14:21:12,976]  INFO - QpidServiceComponent Successfully connected to AMQP server on port 5672
[2023-07-16 14:21:12,976]  INFO - QpidServiceComponent WSO2 Message Broker is started.
[2023-07-16 14:21:13,099]  INFO - PassThroughHttpListener Starting Pass-through HTTP Listener...
[2023-07-16 14:21:13,101]  INFO - PassThroughListeningIOReactorManager Pass-through HTTP Listener started on 0.0.0.0:8280
[2023-07-16 14:21:13,102]  INFO - PassThroughHttpMultiSSLListener Starting Pass-through HTTPS Listener...
[2023-07-16 14:21:13,104]  INFO - PassThroughListeningIOReactorManager Pass-through HTTPS Listener started on 0.0.0.0:8243
[2023-07-16 14:21:13,188]  WARN - SSLUtilBase The trusted certificate with alias [e-tugracertificationauthority] and DN [CN=E-Tugra Certification Authority, OU=E-Tugra Sertifikasyon Merkezi, O=E-Tuğra EBG Bilişim Teknolojileri ve Hizmetleri A.Ş., L=Ankara, C=TR] is not valid due to [NotAfter: Fri Mar 03 12:09:48 UTC 2023]. Certificates signed by this trusted certificate WILL be accepted
[2023-07-16 14:21:13,188]  WARN - SSLUtilBase The trusted certificate with alias [globalsign-2] and DN [CN=GlobalSign, O=GlobalSign, OU=GlobalSign Root CA - R2] is not valid due to [NotAfter: Wed Dec 15 08:00:00 UTC 2021]. Certificates signed by this trusted certificate WILL be accepted
[2023-07-16 14:21:13,189]  WARN - SSLUtilBase The trusted certificate with alias [staatdernederlandenevrootca] and DN [CN=Staat der Nederlanden EV Root CA, O=Staat der Nederlanden, C=NL] is not valid due to [NotAfter: Thu Dec 08 11:10:28 UTC 2022]. Certificates signed by this trusted certificate WILL be accepted
[2023-07-16 14:21:13,189]  WARN - SSLUtilBase The trusted certificate with alias [hongkongpostrootca1] and DN [CN=Hongkong Post Root CA 1, O=Hongkong Post, C=HK] is not valid due to [NotAfter: Mon May 15 04:52:29 UTC 2023]. Certificates signed by this trusted certificate WILL be accepted
[2023-07-16 14:21:13,189]  WARN - SSLUtilBase The trusted certificate with alias [cybertrustglobalroot] and DN [CN=Cybertrust Global Root, O="Cybertrust, Inc"] is not valid due to [NotAfter: Wed Dec 15 08:00:00 UTC 2021]. Certificates signed by this trusted certificate WILL be accepted
[2023-07-16 14:21:13,295]  INFO - TaskServiceImpl Task service starting in STANDALONE mode...
[2023-07-16 14:21:13,327]  INFO - RegistryEventingServiceComponent Successfully Initialized Eventing on Registry
[2023-07-16 14:21:13,419]  INFO - JMXServerManager JMX Service URL  : service:jmx:rmi://localhost:11111/jndi/rmi://localhost:9999/jmxrmi
[2023-07-16 14:21:13,635]  INFO - JMSTransportHandler Starting jms topic consumer thread for the keyManager topic...
[2023-07-16 14:21:13,636]  INFO - JMSTransportHandler Starting jms topic consumer thread for the notification topic...
[2023-07-16 14:21:13,655]  INFO - JMSTransportHandler Starting jms topic consumer thread for the throttleData topic...
[2023-07-16 14:21:13,656]  INFO - JMSTransportHandler Starting jms topic consumer thread for the tokenRevocation topic...
[2023-07-16 14:21:13,658]  INFO - JMSTransportHandler Starting jms topic consumer thread for the cacheInvalidation topic...
[2023-07-16 14:21:13,660]  INFO - JMSTransportHandler Starting jms topic consumer thread for the notification topic...
[2023-07-16 14:21:13,660]  INFO - JMSTransportHandler Starting jms topic consumer thread for the throttleData topic...
[2023-07-16 14:21:13,661]  INFO - JMSTransportHandler Starting jms topic consumer thread for the asyncWebhooksData topic...
[2023-07-16 14:21:13,706]  INFO - DependencyTracker Local entry : ga-config-key was added to the Synapse configuration successfully
[2023-07-16 14:21:13,802]  INFO - StartupFinalizerServiceComponent Server           :  WSO2 API Manager-4.2.0
[2023-07-16 14:21:13,803]  INFO - StartupFinalizerServiceComponent WSO2 Carbon started in 25 sec
[2023-07-16 14:21:13,867]  INFO - JMSListener Connection attempt: 1 for JMS Provider for listener: Siddhi-JMS-Consumer#throttleData was successful!
[2023-07-16 14:21:13,867]  INFO - JMSListener Connection attempt: 1 for JMS Provider for listener: Siddhi-JMS-Consumer#notification was successful!
[2023-07-16 14:21:13,867]  INFO - JMSListener Connection attempt: 1 for JMS Provider for listener: Siddhi-JMS-Consumer#throttleData was successful!
[2023-07-16 14:21:13,867]  INFO - JMSListener Connection attempt: 1 for JMS Provider for listener: Siddhi-JMS-Consumer#cacheInvalidation was successful!
[2023-07-16 14:21:13,867]  INFO - JMSListener Connection attempt: 1 for JMS Provider for listener: Siddhi-JMS-Consumer#keyManager was successful!
[2023-07-16 14:21:13,868]  INFO - JMSListener Connection attempt: 1 for JMS Provider for listener: Siddhi-JMS-Consumer#asyncWebhooksData was successful!
[2023-07-16 14:21:13,870]  INFO - JMSListener Connection attempt: 1 for JMS Provider for listener: Siddhi-JMS-Consumer#tokenRevocation was successful!
[2023-07-16 14:21:13,870]  INFO - JMSListener Connection attempt: 1 for JMS Provider for listener: Siddhi-JMS-Consumer#notification was successful!
[2023-07-16 14:21:13,872]  INFO - JMSTaskManager Task manager for Siddhi-JMS-Consumer [re-]initialized
[2023-07-16 14:21:13,872]  INFO - JMSTaskManager Task manager for Siddhi-JMS-Consumer [re-]initialized
[2023-07-16 14:21:13,872]  INFO - JMSTaskManager Task manager for Siddhi-JMS-Consumer [re-]initialized
[2023-07-16 14:21:13,872]  INFO - JMSTaskManager Task manager for Siddhi-JMS-Consumer [re-]initialized
[2023-07-16 14:21:13,872]  INFO - JMSTaskManager Task manager for Siddhi-JMS-Consumer [re-]initialized
[2023-07-16 14:21:13,873]  INFO - JMSTaskManager Task manager for Siddhi-JMS-Consumer [re-]initialized
[2023-07-16 14:21:13,873]  INFO - JMSTaskManager Task manager for Siddhi-JMS-Consumer [re-]initialized
[2023-07-16 14:21:13,877]  INFO - JMSTaskManager Task manager for Siddhi-JMS-Consumer [re-]initialized
[2023-07-16 14:21:14,215]  INFO - CarbonUIServiceComponent Mgt Console URL  : https://internal-gateway-preprod.apps.ocp4-kawe.tz.af.absa.local:443/carbon/
[2023-07-16 14:21:14,215]  INFO - CarbonUIServiceComponent API Developer Portal Default Context : https://internal-gateway-preprod.apps.ocp4-kawe.tz.af.absa.local:443/devportal
[2023-07-16 14:21:14,215]  INFO - CarbonUIServiceComponent API Publisher Default Context : https://internal-gateway-preprod.apps.ocp4-kawe.tz.af.absa.local:443/publisher
[2023-07-16 14:21:14,872]  INFO - JMSListener Started to listen on destination : notification of type topic for listener Siddhi-JMS-Consumer#notification
[2023-07-16 14:21:14,872]  INFO - JMSListener Started to listen on destination : tokenRevocation of type topic for listener Siddhi-JMS-Consumer#tokenRevocation
[2023-07-16 14:21:14,872]  INFO - JMSListener Started to listen on destination : asyncWebhooksData of type topic for listener Siddhi-JMS-Consumer#asyncWebhooksData
[2023-07-16 14:21:14,872]  INFO - JMSListener Started to listen on destination : keyManager of type topic for listener Siddhi-JMS-Consumer#keyManager
[2023-07-16 14:21:14,873]  INFO - JMSListener Started to listen on destination : cacheInvalidation of type topic for listener Siddhi-JMS-Consumer#cacheInvalidation
[2023-07-16 14:21:14,873]  INFO - JMSListener Started to listen on destination : throttleData of type topic for listener Siddhi-JMS-Consumer#throttleData
[2023-07-16 14:21:14,874]  INFO - JMSListener Started to listen on destination : throttleData of type topic for listener Siddhi-JMS-Consumer#throttleData
[2023-07-16 14:21:14,877]  INFO - JMSListener Started to listen on destination : notification of type topic for listener Siddhi-JMS-Consumer#notification
[2023-07-16 14:21:15,836]  INFO - InMemoryAPIDeployer Deploying synapse artifacts of PizzaShackAPI
[2023-07-16 14:21:15,861]  INFO - DependencyTracker Local entry : 7bd0fabb-bb46-45b5-8175-51adfe54ee12 was added to the Synapse configuration successfully
[2023-07-16 14:21:15,868]  INFO - DependencyTracker Endpoint : PizzaShackAPI--v1.0.0_APIproductionEndpoint was added to the Synapse configuration successfully
[2023-07-16 14:21:15,870]  INFO - DependencyTracker Endpoint : PizzaShackAPI--v1.0.0_APIsandboxEndpoint was added to the Synapse configuration successfully
[2023-07-16 14:21:15,943]  INFO - DependencyTracker API : PizzaShackAPI:v1.0.0 was added to the Synapse configuration successfully
[2023-07-16 14:21:15,943]  INFO - API {api:PizzaShackAPI:v1.0.0} Initializing API: PizzaShackAPI:v1.0.0
[2023-07-16 14:21:15,952]  INFO - GatewayStartupListener Synapse Artifacts deployed Successfully in the Gateway
[2023-07-16 14:21:15,952]  INFO - PassThroughHttpMultiSSLListener PassThroughHttpListener reloading SSL Config..
[2023-07-16 14:21:15,952]  INFO - PassThroughHttpSSLSender PassThroughHttpSender reloading SSL Config..
[2023-07-16 14:21:15,985]  INFO - ClientConnFactoryBuilder customSSLProfiles configuration is loaded from path: /home/wso2carbon/wso2am-4.2.0/repository/resources/security/sslprofiles.xml
[2023-07-16 14:21:15,985]  INFO - ClientConnFactoryBuilder HTTPS Loading custom SSL profiles for the HTTPS sender
[2023-07-16 14:21:15,985]  INFO - ServerConnFactoryBuilder SSLProfile configuration is loaded from path: /home/wso2carbon/wso2am-4.2.0/repository/resources/security/listenerprofiles.xml
[2023-07-16 14:21:16,008]  INFO - ClientConnFactoryBuilder HTTPS Custom SSL profiles initialized for 1 servers
[2023-07-16 14:21:16,008]  INFO - PassThroughHttpSSLSender Pass-through HTTPS Sender updated with Dynamic Configuration Updates ...
[2023-07-16 14:21:16,013]  INFO - PassThroughListeningIOReactorManager Pass-through HTTPS Listener started on 0.0.0.0:8243
[2023-07-16 14:21:16,013]  INFO - PassThroughHttpMultiSSLListener HTTPS Reloaded
[2023-07-16 14:23:36,261] DEBUG - wire HTTPS-Listener I/O dispatcher-6 >> "GET /pizzashack/1.0.0/menu HTTP/1.1[\r][\n]"
[2023-07-16 14:23:36,261] DEBUG - wire HTTPS-Listener I/O dispatcher-6 >> "Host: internal-gateway-preprod.apps.ocp4-kawe.tz.af.absa.local[\r][\n]"
[2023-07-16 14:23:36,262] DEBUG - wire HTTPS-Listener I/O dispatcher-6 >> "User-Agent: curl/7.45.0[\r][\n]"
[2023-07-16 14:23:36,262] DEBUG - wire HTTPS-Listener I/O dispatcher-6 >> "accept: application/json[\r][\n]"
[2023-07-16 14:23:36,262] DEBUG - wire HTTPS-Listener I/O dispatcher-6 >> "Authorization: Bearer eyJ4NXQiOiJNMkZpWTJWbU5UbGtaamRoT0RFd04yUTFPV1V5WVRnMk5UVmxZakZsTlRjM016azFZbVF6WWpnMU1EVXlaV0l5WWpKbE56QTNOMlJtWW1GbE1XUm1OQSIsImtpZCI6Ik0yRmlZMlZtTlRsa1pqZGhPREV3TjJRMU9XVXlZVGcyTlRWbFlqRmxOVGMzTXprMVltUXpZamcxTURVeVpXSXlZakpsTnpBM04yUm1ZbUZsTVdSbU5BX1JTMjU2IiwidHlwIjoiYXQrand0IiwiYWxnIjoiUlMyNTYifQ.eyJzdWIiOiJiZGUwODUwZi1lYmQ0LTQ2NzAtODM0NC1hZjZmZDIwZDI2YmUiLCJhdXQiOiJBUFBMSUNBVElPTiIsImF1ZCI6IjBhSkNtWWZNZFNzV2JCRF92TmxNZTc2UEpxMGEiLCJuYmYiOjE2ODk1MTY4NTMsImF6cCI6IjBhSkNtWWZNZFNzV2JCRF92TmxNZTc2UEpxMGEiLCJzY29wZSI6ImRlZmF1bHQiLCJpc3MiOiJodHRwczpcL1wvYW0ucHJlcHJvZC53c28yLmFwcHMub2NwNC1rYXdlLnR6LmFmLmFic2EubG9jYWw6NDQzXC9vYXV0aDJcL3Rva2VuIiwiZXhwIjoxNjg5NTIwNDUzLCJpYXQiOjE2ODk1MTY4NTMsImp0aSI6ImU1YmY2ODVlLThlOTItNDczNS1iNjM5LTM0MjhiN2FlODg3OCIsImNsaWVudF9pZCI6IjBhSkNtWWZNZFNzV2JCRF92TmxNZTc2UEpxMGEifQ.a5mQ1jOtCt5PXBvx1Sx1kULX5pVh7i4zkuUKMq7z0Tka-7k4pL1R1hdnlKsiMIzGmPfXD-EWh-uge6pUikd5Z26MjI-QSW98bJ7PC-O0zJLjpRufSUSynebcpyuZTHpCb9dmWnSKlit86eTMREt1Q-6lZ44WSfesRhQOG9j-hhJ3Ebv2lxAEUnKmWkrFwkusBOAC7RbBk0SjcdDxjYjZ43esZg08MtQa7uvPF87BB2LpS1JuNXsVGTeT-CmdjdLZogZ-Eff_8OePNttOL18B4DTrK-l03FZSTYL2fu3u3z4q6BU4QfJExjsFBDWtRDi2-cx61ebA9AfzkmBP2zUVSA[\r][\n]"
[2023-07-16 14:23:36,262] DEBUG - wire HTTPS-Listener I/O dispatcher-6 >> "[\r][\n]"
[2023-07-16 14:23:36,267]  WARN - AccessConfiguration Error loading properties from file: access-log.properties
[2023-07-16 14:23:36,271]  WARN - MiscellaneousUtil Error loading properties from a file at from the System defined location: access-log.properties
[2023-07-16 14:23:36,274]  WARN - MiscellaneousUtil Error loading properties from a file at from the System defined location: access-log.properties
[2023-07-16 14:23:36,459]  INFO - DefaultKeyValidationHandler org.wso2.carbon.apimgt.keymgt.handlers.DefaultKeyValidationHandler Initialised
[2023-07-16 14:23:36,482]  WARN - APIAuthenticationHandler API authentication failure due to Invalid Credentials for requestURI=/pizzashack/1.0.0/menu
[2023-07-16 14:23:36,485]  WARN - RelayUtils Server encountered an error, the request message will be consumed and discarded, , CLIENT_ADDRESS = /10.140.2.1:57054, Correlation ID = 462d4379-fe3a-4278-a78b-4b7d06e28e4e
[2023-07-16 14:23:36,551] DEBUG - wire HTTPS-Listener I/O dispatcher-6 << "HTTP/1.1 401 Unauthorized[\r][\n]"
[2023-07-16 14:23:36,552] DEBUG - wire HTTPS-Listener I/O dispatcher-6 << "activityid: 462d4379-fe3a-4278-a78b-4b7d06e28e4e[\r][\n]"
[2023-07-16 14:23:36,552] DEBUG - wire HTTPS-Listener I/O dispatcher-6 << "Access-Control-Expose-Headers: [\r][\n]"
[2023-07-16 14:23:36,552] DEBUG - wire HTTPS-Listener I/O dispatcher-6 << "Access-Control-Allow-Origin: *[\r][\n]"
[2023-07-16 14:23:36,552] DEBUG - wire HTTPS-Listener I/O dispatcher-6 << "Access-Control-Allow-Methods: GET[\r][\n]"
[2023-07-16 14:23:36,552] DEBUG - wire HTTPS-Listener I/O dispatcher-6 << "WWW-Authenticate: Internal API Key realm="WSO2 API Manager", Bearer realm="WSO2 API Manager", error="invalid_token", error_description="The provided token is invalid"[\r][\n]"
[2023-07-16 14:23:36,552] DEBUG - wire HTTPS-Listener I/O dispatcher-6 << "Access-Control-Allow-Headers: authorization,Access-Control-Allow-Origin,Content-Type,SOAPAction,apikey,Internal-Key,Authorization[\r][\n]"
[2023-07-16 14:23:36,552] DEBUG - wire HTTPS-Listener I/O dispatcher-6 << "Content-Type: application/json; charset=UTF-8[\r][\n]"
[2023-07-16 14:23:36,552] DEBUG - wire HTTPS-Listener I/O dispatcher-6 << "Date: Sun, 16 Jul 2023 14:23:36 GMT[\r][\n]"
[2023-07-16 14:23:36,552] DEBUG - wire HTTPS-Listener I/O dispatcher-6 << "Transfer-Encoding: chunked[\r][\n]"
[2023-07-16 14:23:36,552] DEBUG - wire HTTPS-Listener I/O dispatcher-6 << "[\r][\n]"
[2023-07-16 14:23:36,552] DEBUG - wire HTTPS-Listener I/O dispatcher-6 << "e0[\r][\n]"
[2023-07-16 14:23:36,552] DEBUG - wire HTTPS-Listener I/O dispatcher-6 << "{"code":"900901","message":"Invalid Credentials","description":"Access failure for API: /pizzashack/1.0.0, version: 1.0.0 status: (900901) - Invalid Credentials. Make sure you have provided the correct security credentials"}[\r][\n]"
[2023-07-16 14:23:36,552] DEBUG - wire HTTPS-Listener I/O dispatcher-6 << "0[\r][\n]"
[2023-07-16 14:23:36,552] DEBUG - wire HTTPS-Listener I/O dispatcher-6 << "[\r][\n]"
